<?xml version="1.0" encoding="UTF-8"?>
<testsuite xmlns:xsi="http://www.w3.org/2001/XMLSchema-instance" xsi:noNamespaceSchemaLocation="https://maven.apache.org/surefire/maven-surefire-plugin/xsd/surefire-test-report-3.0.xsd" version="3.0" name="put.io.selenium.atm.AtmCardInfoTest" time="0.038" tests="6" errors="0" skipped="0" failures="0">
  <properties>
[...]
</properties>
  <testcase name="testTryPinIncorrect" classname="put.io.selenium.atm.AtmCardInfoTest" time="0.002"/>
  <testcase name="testTryPinCorrect" classname="put.io.selenium.atm.AtmCardInfoTest" time="0"/>
  <testcase name="testTryWithdraw" classname="put.io.selenium.atm.AtmCardInfoTest" time="0"/>
  <testcase name="testTryPinCardLocked" classname="put.io.selenium.atm.AtmCardInfoTest" time="0"/>
  <testcase name="testCardOut" classname="put.io.selenium.atm.AtmCardInfoTest" time="0"/>
  <testcase name="testCardIn" classname="put.io.selenium.atm.AtmCardInfoTest" time="0"/>
</testsuite>